[debug] LPTControler.pas:162 - TLPTControlerConnectionList instance created
[debug] LPTControler.pas:246 - TLPTControler instance created
[debug] LPTControler.pas:229 - Client 127.0.0.1 connected
[debug] TimelineControler.pas:164 - Removing event on 2007-07-27 21:36:24 on bit 0
[debug] LPTControler.pas:115 - TLPTControlerConnection instance created
[debug] TimelineControler.pas:185 - Removing event on 2007-07-27 21:36:24 on bit 0
[debug] LPTControler.pas:229 - Client 127.0.0.1 connected
[debug] LPTControler.pas:115 - TLPTControlerConnection instance created
[debug] ..\Common\LPTControlerClient.pas:105 - Retrieving port status
[debug] RequestHandlers\LPTControllerGetPortStatusRequestHandler.pas:39 - Processing command CMD_GET_PORT_STATUS
[debug] RequestHandlers\LPTControllerGetPortStatusRequestHandler.pas:43 - Value: 254
[debug] ..\Common\LPTControlerClient.pas:105 - Retrieving port status
[debug] RequestHandlers\LPTControllerGetPortStatusRequestHandler.pas:39 - Processing command CMD_GET_PORT_STATUS
[debug] RequestHandlers\LPTControllerGetPortStatusRequestHandler.pas:43 - Value: 254
[debug] ..\Common\LPTControlerClient.pas:105 - Retrieving port status
[debug] RequestHandlers\LPTControllerGetPortStatusRequestHandler.pas:39 - Processing command CMD_GET_PORT_STATUS
[debug] RequestHandlers\LPTControllerGetPortStatusRequestHandler.pas:43 - Value: 254
[debug] ..\Common\LPTControlerClient.pas:105 - Retrieving port status
[debug] RequestHandlers\LPTControllerGetPortStatusRequestHandler.pas:39 - Processing command CMD_GET_PORT_STATUS
[debug] RequestHandlers\LPTControllerGetPortStatusRequestHandler.pas:43 - Value: 254
[debug] ..\Common\LPTControlerClient.pas:105 - Retrieving port status
[debug] RequestHandlers\LPTControllerGetPortStatusRequestHandler.pas:39 - Processing command CMD_GET_PORT_STATUS
[debug] RequestHandlers\LPTControllerGetPortStatusRequestHandler.pas:43 - Value: 254
[debug] ..\Common\LPTControlerClient.pas:105 - Retrieving port status
[debug] RequestHandlers\LPTControllerGetPortStatusRequestHandler.pas:39 - Processing command CMD_GET_PORT_STATUS
[debug] RequestHandlers\LPTControllerGetPortStatusRequestHandler.pas:43 - Value: 254
[debug] LPTControler.pas:130 - TLPTControlerConnection instance disposed
[debug] LPTControler.pas:130 - TLPTControlerConnection instance disposed
[debug] LPTControler.pas:167 - TLPTControlerConnectionList instance disposed
[debug] LPTControler.pas:255 - TLPTControler instance disposed
